Unity Editor version:    2022.3.9f1 (ea401c316338)
Branch:                  2022.3/staging
Build type:              Release
Batch mode:              YES
macOS version:           Version 14.1.1 (Build 23B81)
Darwin version:          23.1.0
Architecture:            arm64
Running under Rosetta:   NO
Available memory:        16384 MB
Using pre-set license
Pro License: YES

COMMAND LINE ARGUMENTS:
/Applications/Unity/Hub/Editor/2022.3.9f1/Unity.app/Contents/MacOS/Unity
-adb2
-batchMode
-noUpm
-name
AssetImportWorker4
-projectPath
/Users/chrischen/Documents/UWO/4th Year/CS4482/App/App3/CS4482_APP3
-logFile
Logs/AssetImportWorker4.log
-srvPort
51021
Successfully changed project path to: /Users/chrischen/Documents/UWO/4th Year/CS4482/App/App3/CS4482_APP3
/Users/chrischen/Documents/UWO/4th Year/CS4482/App/App3/CS4482_APP3
[UnityMemory] Configuration Parameters - Can be set up in boot.config
    "memorysetup-bucket-allocator-granularity=16"
    "memorysetup-bucket-allocator-bucket-count=8"
    "memorysetup-bucket-allocator-block-size=33554432"
    "memorysetup-bucket-allocator-block-count=8"
    "memorysetup-main-allocator-block-size=16777216"
    "memorysetup-thread-allocator-block-size=16777216"
    "memorysetup-gfx-main-allocator-block-size=16777216"
    "memorysetup-gfx-thread-allocator-block-size=16777216"
    "memorysetup-cache-allocator-block-size=4194304"
    "memorysetup-typetree-allocator-block-size=2097152"
    "memorysetup-profiler-bucket-allocator-granularity=16"
    "memorysetup-profiler-bucket-allocator-bucket-count=8"
    "memorysetup-profiler-bucket-allocator-block-size=33554432"
    "memorysetup-profiler-bucket-allocator-block-count=8"
    "memorysetup-profiler-allocator-block-size=16777216"
    "memorysetup-profiler-editor-allocator-block-size=1048576"
    "memorysetup-temp-allocator-size-main=16777216"
    "memorysetup-job-temp-allocator-block-size=2097152"
    "memorysetup-job-temp-allocator-block-size-background=1048576"
    "memorysetup-job-temp-allocator-reduction-small-platforms=262144"
    "memorysetup-allocator-temp-initial-block-size-main=262144"
    "memorysetup-allocator-temp-initial-block-size-worker=262144"
    "memorysetup-temp-allocator-size-background-worker=32768"
    "memorysetup-temp-allocator-size-job-worker=262144"
    "memorysetup-temp-allocator-size-preload-manager=33554432"
    "memorysetup-temp-allocator-size-nav-mesh-worker=65536"
    "memorysetup-temp-allocator-size-audio-worker=65536"
    "memorysetup-temp-allocator-size-cloud-worker=32768"
    "memorysetup-temp-allocator-size-gi-baking-worker=262144"
    "memorysetup-temp-allocator-size-gfx=262144"
Player connection [8019336896] Host "[IP] 172.30.108.196 [Port] 0 [Flags] 2 [Guid] 1304573068 [EditorId] 1304573068 [Version] 1048832 [Id] OSXEditor(0,dyn172-30-108-196.wireless.uwo.pri) [Debug] 1 [PackageName] OSXEditor [ProjectName] Editor" joined multi-casting on [225.0.0.222:54997]...

Player connection [8019336896] Host "[IP] 172.30.108.196 [Port] 0 [Flags] 2 [Guid] 1304573068 [EditorId] 1304573068 [Version] 1048832 [Id] OSXEditor(0,dyn172-30-108-196.wireless.uwo.pri) [Debug] 1 [PackageName] OSXEditor [ProjectName] Editor" joined alternative multi-casting on [225.0.0.222:34997]...

[Physics::Module] Initialized MultithreadedJobDispatcher with 11 workers.
Refreshing native plugins compatible for Editor in 14.07 ms, found 3 plugins.
Preloading 0 native plugins for Editor in 0.00 ms.
Initialize engine version: 2022.3.9f1 (ea401c316338)
[Subsystems] Discovering subsystems at path /Applications/Unity/Hub/Editor/2022.3.9f1/Unity.app/Contents/Resources/UnitySubsystems
[Subsystems] Discovering subsystems at path /Users/chrischen/Documents/UWO/4th Year/CS4482/App/App3/CS4482_APP3/Assets
GfxDevice: creating device client; threaded=0; jobified=0
 preferred device: Apple M2 Pro (high power)
Metal devices available: 1
0: Apple M2 Pro (high power)
Using device Apple M2 Pro (high power)
Initializing Metal device caps: Apple M2 Pro
Initialize mono
Mono path[0] = '/Applications/Unity/Hub/Editor/2022.3.9f1/Unity.app/Contents/Managed'
Mono path[1] = '/Applications/Unity/Hub/Editor/2022.3.9f1/Unity.app/Contents/MonoBleedingEdge/lib/mono/unityjit-macos'
Mono config path = '/Applications/Unity/Hub/Editor/2022.3.9f1/Unity.app/Contents/MonoBleedingEdge/etc'
Using monoOptions --debugger-agent=transport=dt_socket,embedding=1,server=y,suspend=n,address=127.0.0.1:56383
Begin MonoManager ReloadAssembly
Registering precompiled unity dll's ...
Register platform support module: /Applications/Unity/Hub/Editor/2022.3.9f1/PlaybackEngines/WebGLSupport/UnityEditor.WebGL.Extensions.dll
Register platform support module: /Applications/Unity/Hub/Editor/2022.3.9f1/Unity.app/Contents/PlaybackEngines/MacStandaloneSupport/UnityEditor.OSXStandalone.Extensions.dll
Register platform support module: /Applications/Unity/Hub/Editor/2022.3.9f1/PlaybackEngines/WindowsStandaloneSupport/UnityEditor.WindowsStandalone.Extensions.dll
Registered in 0.003793 seconds.
- Loaded All Assemblies, in  0.214 seconds
Native extension for WindowsStandalone target not found
Native extension for OSXStandalone target not found
Native extension for WebGL target not found
Mono: successfully reloaded assembly
- Finished resetting the current domain, in  0.131 seconds
Domain Reload Profiling: 345ms
	BeginReloadAssembly (62ms)
		ExecutionOrderSort (0ms)
		DisableScriptedObjects (0ms)
		BackupInstance (0ms)
		ReleaseScriptingObjects (0ms)
		CreateAndSetChildDomain (0ms)
	RebuildCommonClasses (20ms)
	RebuildNativeTypeToScriptingClass (7ms)
	initialDomainReloadingComplete (29ms)
	LoadAllAssembliesAndSetupDomain (95ms)
		LoadAssemblies (63ms)
		RebuildTransferFunctionScriptingTraits (0ms)
		AnalyzeDomain (93ms)
			TypeCache.Refresh (92ms)
				TypeCache.ScanAssembly (81ms)
			ScanForSourceGeneratedMonoScriptInfo (0ms)
			ResolveRequiredComponents (0ms)
	FinalizeReload (132ms)
		ReleaseScriptCaches (0ms)
		RebuildScriptCaches (0ms)
		SetupLoadedEditorAssemblies (100ms)
			LogAssemblyErrors (0ms)
			InitializePlatformSupportModulesInManaged (5ms)
			SetLoadedEditorAssemblies (3ms)
			RefreshPlugins (0ms)
			BeforeProcessingInitializeOnLoad (1ms)
			ProcessInitializeOnLoadAttributes (68ms)
			ProcessInitializeOnLoadMethodAttributes (23ms)
			AfterProcessingInitializeOnLoad (0ms)
			EditorAssembliesLoaded (0ms)
		ExecutionOrderSort2 (0ms)
		AwakeInstancesAfterBackupRestoration (0ms)
========================================================================
Worker process is ready to serve import requests
Begin MonoManager ReloadAssembly
- Loaded All Assemblies, in  0.375 seconds
Refreshing native plugins compatible for Editor in 0.99 ms, found 3 plugins.
Native extension for WindowsStandalone target not found
Native extension for OSXStandalone target not found
Native extension for WebGL target not found
Package Manager log level set to [2]
[Package Manager] Server::EnsureServerProcessIsRunning -- launch failed, reason: Unity was launched with the -noUpm command-line argument
[Package Manager] UpmClient::Send -- Unable to send message (not connected to UPM process).
[Package Manager] Cannot connect to Unity Package Manager local server
Mono: successfully reloaded assembly
- Finished resetting the current domain, in  0.343 seconds
Domain Reload Profiling: 718ms
	BeginReloadAssembly (69ms)
		ExecutionOrderSort (0ms)
		DisableScriptedObjects (3ms)
		BackupInstance (0ms)
		ReleaseScriptingObjects (0ms)
		CreateAndSetChildDomain (18ms)
	RebuildCommonClasses (21ms)
	RebuildNativeTypeToScriptingClass (7ms)
	initialDomainReloadingComplete (20ms)
	LoadAllAssembliesAndSetupDomain (258ms)
		LoadAssemblies (175ms)
		RebuildTransferFunctionScriptingTraits (0ms)
		AnalyzeDomain (111ms)
			TypeCache.Refresh (97ms)
				TypeCache.ScanAssembly (85ms)
			ScanForSourceGeneratedMonoScriptInfo (10ms)
			ResolveRequiredComponents (3ms)
	FinalizeReload (343ms)
		ReleaseScriptCaches (0ms)
		RebuildScriptCaches (0ms)
		SetupLoadedEditorAssemblies (256ms)
			LogAssemblyErrors (0ms)
			InitializePlatformSupportModulesInManaged (3ms)
			SetLoadedEditorAssemblies (3ms)
			RefreshPlugins (0ms)
			BeforeProcessingInitializeOnLoad (32ms)
			ProcessInitializeOnLoadAttributes (203ms)
			ProcessInitializeOnLoadMethodAttributes (16ms)
			AfterProcessingInitializeOnLoad (1ms)
			EditorAssembliesLoaded (0ms)
		ExecutionOrderSort2 (0ms)
		AwakeInstancesAfterBackupRestoration (2ms)
Launching external process: /Applications/Unity/Hub/Editor/2022.3.9f1/Unity.app/Contents/Tools/UnityShaderCompiler
Launched and connected shader compiler UnityShaderCompiler after 0.06 seconds
Refreshing native plugins compatible for Editor in 0.95 ms, found 3 plugins.
Preloading 0 native plugins for Editor in 0.00 ms.
Unloading 4275 Unused Serialized files (Serialized files now loaded: 0)
Unloading 82 unused Assets / (270.9 KB). Loaded Objects now: 4731.
Memory consumption went from 147.9 MB to 147.6 MB.
Total: 2.526416 ms (FindLiveObjects: 0.105000 ms CreateObjectMapping: 0.064458 ms MarkObjects: 2.210792 ms  DeleteObjects: 0.145875 ms)

AssetImportParameters requested are different than current active one (requested -> active):
  custom:scripting/monoscript/fileName/GroupAttribute.cs: bb7d8caf833f4bf77f3d2f9ccaee4e91 -> 56f5a790baf0e3c86ac1a72cf9f6ad2b
  custom:scripting/monoscript/fileName/TitleHeaderAttribute.cs: f34a6523f780aeeacf661a5c784fad1f -> 24b567a639dddccb452020478559ce2a
  custom:scripting/monoscript/fileName/DisableLucidEditorAttribute.cs: 282e2276cba827ef523b73c98b9fa448 -> 3b52d4b2d9258a6b5c48e92473a4a2ff
  custom:scripting/monoscript/fileName/AssetsOnlyAttribute.cs: cedbed09f3d3951e79d2cefed54fe8e6 -> e0389e9c45a529262a688c6cc7c7d6a2
  custom:scripting/monoscript/fileName/IndentAttributeProcessor.cs: 3d6b3ad627663c723a282821a393f0df -> 10cb2fb02dbcf7d5283d75f00158b3da
  custom:scripting/monoscript/fileName/BlockquoteAttribute.cs: 787fdfd63513dc6a75c333b279642774 -> d6a420be4deff971252d0f6a9a7ac659
  custom:scripting/monoscript/fileName/DisableInPlayModeAttributeProcessor.cs: a7623b089ee13b58231a23f3b224b711 -> c67f3e33b2c64b05b8bd5e1d6a50017d
  custom:container-demuxer-ogg: 62fdf1f143b41e24485cea50d1cbac27 -> 
  custom:scripting/monoscript/fileName/TreeMenu.cs: 03ceccb99f856d5266aad5834c559bec -> da0f3cdda1b7d4f3a89e8b64dc413ec9
  custom:scripting/monoscript/fileName/EnableIfAttribute.cs: f2800a478cd0440e0cb6d04147142a6b -> e52d0075de6e7598b848027f577ca22c
  custom:scripting/monoscript/fileName/BoundingPlatform.cs: a0f7655a703a2afd984f9fea904386af -> 7a58263b06b2bd9fb3e2105a5eeb65b8
  custom:scripting/monoscript/fileName/InspectorField.cs: 89d65167279c0561f230a35912268803 -> 6d1c62b4dcfb7c501649642da4233d2c
  custom:scripting/monoscript/fileName/DestroyEvent_HeroKnight.cs: c739c474af3503f26064c2f5963ac91f -> d671ff87606e40a319e42cb76d623267
  custom:scripting/monoscript/fileName/LabelTextAttribute.cs: 7339b328af0234261fa320de4c2852b0 -> 4dfbd3ae4a0f46515d8f0fc7b2131430
  custom:scripting/monoscript/fileName/InspectorPropertyGroup.cs: 7a2ee079bb5cc28034f2df49d73da899 -> 73e6afb71d0ed841e9ebad1c29e46ca3
  custom:scripting/monoscript/fileName/SectionHeaderAttributeProcessor.cs: 6ead31a1af3debf659f0d380d97c977b -> 717806bf2148eba1ce1ab242aa307d02
  custom:scripting/monoscript/fileName/TypeUtil.cs: 575c831167fe1acdfb1abcc14184fffe -> 4007d193bb08e35199a3380943c22434
  custom:scripting/monoscript/fileName/PropertyProcessor.cs: 06fc5adb9dfc4381e637fcd6d0817cba -> eda72bcae2fc5e706a8a4e3a9de8bb4f
  custom:video-decoder-ogg-theora: a1e56fd34408186e4bbccfd4996cb3dc -> 
  custom:scripting/monoscript/fileName/TextFieldPopup.cs: 0b3c479acf5aaf1562c77813ada85133 -> 9d719a3cb2246eedc8d1fa50d23dc501
  custom:scripting/monoscript/fileName/HideLabelAttribute.cs: b49014856482722961d600fbfca81e4f -> a84974c2594b9f0738c46ce7c4887bb0
  custom:scripting/monoscript/fileName/BoxGroupAttributeProcessor.cs: d5270dff0001338f35736e7a53135706 -> f007a24649eee3d59327fe1600887c21
  custom:scripting/monoscript/fileName/ReadOnlyAttributeProcessor.cs: 697fdbde8d06792ae2af8cd27853b6fc -> 1d8713d2f7013d36eaf72781a6d3970e
  custom:scripting/monoscript/fileName/HideIfAttributeProcessor.cs: d655f1a2c925420d19d8b7e3d586c216 -> 89f10528cf8eff034615401b3339e800
  custom:scripting/monoscript/fileName/InspectorProperty.cs: dc4fca1dddcd640cb7f37034368d5c1f -> 15a821dc97d2574c6c8e0e3c093bfefe
  custom:scripting/monoscript/fileName/HorizontalGroupAttribute.cs: 1f85a058fba8108c0dab311a1f8dc659 -> 825cf462be094751ae1c4a5231a96abd
  custom:scripting/monoscript/fileName/HelpBoxAttribute.cs: 804215587b34713e024dae60c654fe6d -> 9621f137740177a58a19102368c822c9
  custom:scripting/monoscript/fileName/LucidEditorPrefs.cs: 70a39fb5dfe8e29d9e31f65682e3c32c -> 946039c2b2c4faf464b30ea738494f1a
  custom:scripting/monoscript/fileName/SectionHeaderAttribute.cs: 6edaaa2e6606ca1de0f6ddc91757550b -> d985efac2e8d78166f03cef88e765715
  custom:scripting/monoscript/fileName/ChestEditor.cs: 8a619a75924f7237770ffd3b1a961cc6 -> 6a772a72bf3b30eb4aab78a8469ad265
  custom:scripting/monoscript/fileName/HelpBoxIfAttribute.cs: f885fbfc144c6f4542c57f799cb70170 -> 2b570c0a59868a47a7dfc87ae8e38a52
  custom:scripting/monoscript/fileName/BoxGroupAttribute.cs: 1f607b2ae4443b61df329da775e32947 -> 50ccecea9c6f0ad8f8bb1fd9692842aa
  custom:scripting/monoscript/fileName/PropertyGroupProcessor.cs: 08e977c60f6731e21f0a1232611cd882 -> 5d773befc62f9d03ed77467373eb6e5d
  custom:scripting/monoscript/fileName/LabelTextAttributeProcessor.cs: 9bc7d73020859f2294ee2f1b5498d2f9 -> 772c0b3e80712e7be6d003922854f191
  custom:scripting/monoscript/fileName/LucidEditorUtility.cs: cb7ba25da36f2c869eb734d7c8aca546 -> 900dfec9c160c62181826835f5faefad
  custom:scripting/monoscript/fileName/HorizontalGroupAttributeProcessor.cs: 80ec3eb3b7c7748174c6b7003cf41333 -> b3a7d5ed41b450321f8447685254ba8f
  custom:scripting/monoscript/fileName/ValidateInputAttribute.cs: a4ac1123c1f788d6ea24360c0e055012 -> 1de1dc91c83dcdd84d82c0aba83cda06
  custom:CustomObjectIndexerAttribute: 756ad292c208cfabdd7b50bc23989ffe -> 
  custom:scripting/monoscript/fileName/Chest.cs: 11ac111459af5e2b35be7b228cfb1748 -> b766f5f94da60ea4f1bed0c81ddd64c5
  custom:scripting/monoscript/fileName/DisableInPlayModeAttribute.cs: 945314cc5fd6289d4bc32acc0ab507d3 -> ef189052bf11e3bd0e32f4706ac42a9e
  custom:scripting/monoscript/fileName/ElevatorEditor.cs: 2a0825f99162ea536e42a82460eb61a0 -> dac3881f07d740fd7966cb2e216458c0
  custom:scripting/monoscript/fileName/ValidateInputAttributeProcessor.cs: 5b5e4e891b06300d6175849a53b47239 -> 6f52a32fbf432da2d52f45a9411bfb92
  custom:scripting/monoscript/fileName/HorizontalLineAttribute.cs: 2a3a647000d23b65174be65bb63ebe3d -> f29b506b9bba2592a8d0102e5ce871a8
  custom:container-demuxer-webm: 4f35f7cbe854078d1ac9338744f61a02 -> 
  custom:scripting/monoscript/fileName/ReflectionUtil.cs: d64e3bd948bece0aae9bf3b46d298a3c -> 216c041044289678a8594762ea3010b5
  custom:scripting/monoscript/fileName/ColorSwap_HeroKnight.cs: 9336fa27d847789bbc068fa6fd614a0c -> 0b7359c59f8e7ae0bd766a4f2dfde4b8
  custom:scripting/monoscript/fileName/HelpBoxIfAttributeProcessor.cs: e9c542549ade78e99156027d90a6cbe1 -> 65143af41989574ef38332339c5b1927
  custom:scripting/monoscript/fileName/TabGroupAttributeProcessor.cs: bc6cac4a7b1f57685caabbb63fa092d1 -> d4d85447ce33c9c5ea9ba7e4e6845f03
  custom:scripting/monoscript/fileName/PropertyOrderAttribute.cs: 7c2eccf0f5080a9cc7e0944db37b341f -> f24f5014267c4b8dc91f2b647d9c8c3a
  custom:scripting/monoscript/fileName/BlockquoteAttributeProcessor.cs: 7b7d7017fd6aae36f7cd4dd68864494b -> cf4527c3337913c7555fbccce3900f2d
  custom:scripting/monoscript/fileName/LabelWidthAttributeProcessor.cs: 9296e2787d1e96ad1266b925f7cfb2a3 -> 0e98c2d7ac8645e2a16f3d895c60cdbb
  custom:scripting/monoscript/fileName/ShowIfAttributeProcessor.cs: 37ddd73a9aa4e1a65ae925ffd5905725 -> ae9b45d2f42160bbf8617943f94d1426
  custom:scripting/monoscript/fileName/EditorIcons.cs: 14ba1acfad0a45d3ee3d5d1b3af7d9fd -> ec6183e81add431903e4063f504991f4
  custom:container-muxer-webm: aa71ff27fc2769a1b78a27578f13a17b -> 
  custom:scripting/monoscript/fileName/HeroKnight.cs: 127cb77074d7942910cc2bde99bdf8a3 -> e58d7884fb8fa1ad7438f18dd9c2c0ed
  custom:video-decoder-webm-vp8: 9c59270c3fd7afecdb556c50c9e8de78 -> 
  custom:scripting/monoscript/fileName/HorizontalLineAttributeProcessor.cs: 4cde49c40515dbf7dbb8eed0d6ee3b47 -> 871a9a52435cf9db58247ad2dd364bd2
  custom:SearchIndexIgnoredProperties: e643bd26f0fe6173181afceb89e7c659 -> 
  custom:scripting/monoscript/fileName/SimpleTreeView.cs: 993afce3bb13e6a44b66c41347a51cd8 -> fe885de528b15ac6eed2bbfa5a76e107
  custom:AudioImporter_EditorPlatform: 3918e3fc78b5a79bad01e8451be0beb8 -> 
  custom:scripting/monoscript/fileName/IndentAttribute.cs: 2c35ef62e043da536f53bdbfb75d6ed3 -> 3aafa8c7a4b8e6e4708a01b47fcfb4ad
  custom:scripting/monoscript/fileName/Elevator.cs: 10378812df0ebd5fbba6c79ba879afa7 -> 7b68f686bf758894cbd87a1c9065400a
  custom:scripting/monoscript/fileName/GUIColorAttributeProcessor.cs: f9305f401adca8c5a06b0257edd411da -> a8fc86acb7c5da97245414ab8337bb18
  custom:scripting/monoscript/fileName/RequiredAttributeProcessor.cs: 805b31857f4258fe2541a4dac0a12bbd -> e372392b129a258e80abda61d92683eb
  custom:scripting/monoscript/fileName/RequiredAttribute.cs: 49a9d91a4720d8c6868e6a07ef5f37ad -> d5c0c323101ddaa2464f268d3efad38e
  custom:scripting/monoscript/fileName/Toolbar.cs: 0264ba2702461401d9d5fce48cb969da -> 55124897c11ddf6b585550ec3aaac827
  custom:scripting/monoscript/fileName/LabelWidthAttribute.cs: cbc9d3918fb0f31fa55584a7b2445a7b -> 1ab1e53e05a824287f2bb59249c10151
  custom:scripting/monoscript/fileName/AssetsOnlyAttributeProcessor.cs: d3414c8fb7e4ceed3e71c7dbb04afcc3 -> 32d3d91cde70a59449d63d25db569fb2
  custom:scripting/monoscript/fileName/LucidEditor.cs: c237f836b26bc7475499e17a991ad920 -> 8d13638568b1a0a2aa9a04b2b3977222
  custom:scripting/monoscript/fileName/NonSerializedProperty.cs: 0fb8e2f3591c40db336c9ae23a467c5c -> 6bd52c544f672af2e7b361239feac9f3
  custom:scripting/monoscript/fileName/ProcessorUtil.cs: f1d49f0ea66a79ca1792bf5e6b30d6a4 -> 3bcf8bf5a0cc549ffb139c56c2d3713c
  custom:scripting/monoscript/fileName/SerializeReferenceDropdown.cs: eedcde7bc73e5edfd3e4f2e9e83f8d36 -> b0c090fdb2fa9686a3ec5d51b4d1d8b9
  custom:scripting/monoscript/fileName/PropertyOrderAttributeProcessor.cs: 1aa0dee46bbee5fc2cd04b1e279c7c3e -> 57fc115ff2aa3a1258bd5a90b97a7c50
  custom:scripting/monoscript/fileName/SerializedPropertyExtensions.cs: 1ae44d33cf2b348b851408bfcb8cc9d1 -> a217487560b41d90ff5e9573ab0c2dfa
  custom:scripting/monoscript/fileName/InspectorButton.cs: 57c39668f04e739867e1995d69332d45 -> c1cdf40c6e090e047f4d00c58ab42f01
  custom:scripting/monoscript/fileName/SerializedPropertyUtility.cs: 032b29095a370ad5ecadb9a12554ecbd -> e2fcee129ac6d4eaae16972b3c9a6076
  custom:scripting/monoscript/fileName/ReadOnlyAttribute.cs: 8e6d7e48dd8c96cfac33eed95d1ece81 -> 67a398ff6afab90bc12d92452bce0a96
  custom:scripting/monoscript/fileName/DisableInEditModeAttribute.cs: 9bbdef4c76e9ddcdf2b9c25065a7bb3e -> d2091947701f98b43ce75c02331dbc09
  custom:scripting/monoscript/fileName/DisableInEditModeAttributeProcessor.cs: 748b303ea9fc0adb691782b6e6ee2c28 -> 1f5264e7698ef5b6c38ee1eaa4470f29
  custom:scripting/monoscript/fileName/ShowIfAttribute.cs: 7ec8186dcf7d7b1db4dcf4a9713de176 -> 481546b60cc29a8150f308cdeac6f120
  custom:scripting/monoscript/fileName/TabGroupAttribute.cs: 464dd38e39ae3f14f65a98e5549bea1d -> b3c3168cec097a56a09fb8ae0bbec6c2
  custom:scripting/monoscript/fileName/SecondOrderDynamics.cs: d8f9d383c85efdf6afe98cb7228227c2 -> 1edec71c5b8d4c0ad4843b8850fdd225
  custom:framework-osx-AVFoundation: e770b220cccbd017edd2c1fefb359320 -> 
  custom:scripting/monoscript/fileName/DisableIfAttribute.cs: c3f855d4193a97f5ab17f3368f2bbb39 -> 6726a25372b1d29e15a6b6ce70d2ae80
  custom:scripting/monoscript/fileName/ShowInInspectorAttribute.cs: 45c2075dda28eeca6cbf33a8c5e78a64 -> 1e8ee56f2abc4a33909fda4f27d24e54
  custom:scripting/monoscript/fileName/EnumExtensions.cs: c8ffca04529ac686f1a03cb0e491e7b6 -> ac8244b49d017af636260084d0c39594
  custom:scripting/monoscript/fileName/EnableIfAttributeProcessor.cs: 8b463697740b037886f12af1c891b9ad -> 855c0d273ce56aa838aa2ccf84c7be52
  custom:video-encoder-webm-vp8: eb34c28f22e8b96e1ab97ce403110664 -> 
  custom:scripting/monoscript/fileName/LucidEditorGUI.cs: 5eab893e8e2ecf1cceb95421adbed718 -> e67e1153a9cd896e8fa3f53948115dea
  custom:audio-decoder-ogg-vorbis: bf7c407c2cedff20999df2af8eb42d56 -> 
  custom:scripting/monoscript/fileName/PropertyGroupAttribute.cs: fda252cff966ca9182581c1bc30ef4a1 -> 9f1ed31651820728b4397e023afda5f5
  custom:scripting/monoscript/fileName/FoldoutGroupAttribute.cs: 158aba06f5757d28e6c1ed4893f527f4 -> 6535f2016074035305343b7f6c4976c3
  custom:scripting/monoscript/fileName/InspectorPropertyUtil.cs: b5553994421cb1c12bbe9450d53fee6f -> 8e42fbcda45dd7f67eb780d2959e7765
  custom:scripting/monoscript/fileName/MovingPlatform.cs: 2b7277140fd6c75aa59e9b600672a62c -> 175f273094e5318d3dcc3be2dab9ded7
  custom:scripting/monoscript/fileName/HelpBoxAttributeProcessor.cs: 30c6d4b7d1c8a6ce41aff9b12fcf9b6e -> 8c6338b574f01ee225000a576b837597
  custom:scripting/monoscript/fileName/Sensor_HeroKnight.cs: 8e3f94accd76752300b0b35934963f12 -> 19263ceb0db459d7cd8cc1a32f4e1982
  custom:scripting/monoscript/fileName/HideMonoScript.cs: 391a54804eadcde1df23672988b42479 -> ff42cca299c60a88e71c7d2fe09fa0b1
  custom:scripting/monoscript/fileName/EditableInspectorProperty.cs: 3567b8cebee4de12c32cddce55d4e7c4 -> ce051ee38aa8d539ae9da339ff4a690d
  custom:scripting/monoscript/fileName/OnValueChangedAttribute.cs: ac1143db2cbb50ab25c99ae80cfa6246 -> f28e97703c994b84ecaa9bc55bf45583
  custom:scripting/monoscript/fileName/HideIfAttribute.cs: efe46863e3432e92e5e42da974ea78c9 -> 3361b1debd79c766ffc3047825248ed1
  custom:scripting/monoscript/fileName/LucidEditorGUILayout.cs: 57d6b4ec01cf7cc16c0b39274aecb536 -> 08c661d4e7c443962e59ba84c72bf715
  custom:audio-encoder-webm-vorbis: bf7c407c2cedff20999df2af8eb42d56 -> 
  custom:scripting/monoscript/fileName/ButtonAttribute.cs: 6b1bce473de93932a48bafd8c124c522 -> 7bc88ddeb1b6353b94f72d8fee5368f9
  custom:scripting/monoscript/fileName/GUIColorAttribute.cs: b32e8cbc731aebd6925d7e01f4d84da5 -> 794ae06edd3e898cce2ac26ab93717b2
  custom:scripting/monoscript/fileName/LucidGUIEvent.cs: bc5323e5819c11547e767090b437bdab -> 763a432aa6330b3194c86f2ac0e95e05
  custom:scripting/monoscript/fileName/OnValueChangedAttributeProcessor.cs: 58c311717352783598d59eb195d7fb8c -> aa2331263a4d0545b326eae0fcec619c
  custom:scripting/monoscript/fileName/FoldoutGroupAttributeProcessor.cs: e53eee60ff3cc2de8ed90a2083770b1e -> a4e3d351743c632c1369d7db6ab58a55
  custom:scripting/monoscript/fileName/DisableIfAttributeProcessor.cs: e2e04371f7717825f1c4d24bdaffc59c -> f59cd4bf6b1dc34ee4b32b741d5b741a
  custom:scripting/monoscript/fileName/HideLabelAttributeProcessor.cs: 3e2c9aa5773877c04e38d16a49b56162 -> 77f48fdad8295c3492bb4d3052275597
  custom:scripting/monoscript/fileName/TitleHeaderAttributeProcessor.cs: 38a094eaad3aa9969a5c761eaa7acc71 -> 6199edd71540cee244af43def85cc253
  custom:scripting/monoscript/fileName/GroupAttributeProcessor.cs: 83afb7ae882ce7bb82b256e50e6ae370 -> a72f2a6d80918717371406178e84ab33
  custom:scripting/monoscript/fileName/EditorColors.cs: 0f857463475ecb5d2418e565243f0478 -> 5c45b123ff472e89e0c44314cc2db693
========================================================================
Received Import Request.
  Time since last request: 31979.343999 seconds.
  path: Assets/AssetStore/Cainos/Pixel Art Platformer - Village Props/Tileset Palette/TP Ground/TX Tileset Ground_16.asset
  artifactKey: Guid(219c56611456eb4439f93a31a07abe72) Importer(815301076,1909f56bfc062723c751e8b465ee728b)
Start importing Assets/AssetStore/Cainos/Pixel Art Platformer - Village Props/Tileset Palette/TP Ground/TX Tileset Ground_16.asset using Guid(219c56611456eb4439f93a31a07abe72) Importer(815301076,1909f56bfc062723c751e8b465ee728b)  -> (artifact id: '1a826bb2b392ebf6eeb449067295c700') in 0.079766 seconds
Number of updated asset objects reloaded before import = 0
Number of asset objects unloaded after import = 3
========================================================================
Received Import Request.
  Time since last request: 0.006986 seconds.
  path: Assets/AssetStore/Cainos/Pixel Art Platformer - Village Props/Tileset Palette/TP Ground/TX Tileset Ground_22.asset
  artifactKey: Guid(81ab65db075312c47a4a007cc53527fd) Importer(815301076,1909f56bfc062723c751e8b465ee728b)
Start importing Assets/AssetStore/Cainos/Pixel Art Platformer - Village Props/Tileset Palette/TP Ground/TX Tileset Ground_22.asset using Guid(81ab65db075312c47a4a007cc53527fd) Importer(815301076,1909f56bfc062723c751e8b465ee728b)  -> (artifact id: 'e9b90790ad9904d47fd5cfac3be8e6aa') in 0.004226 seconds
Number of updated asset objects reloaded before import = 0
Number of asset objects unloaded after import = 3
========================================================================
Received Import Request.
  Time since last request: 0.033510 seconds.
  path: Assets/AssetStore/Cainos/Pixel Art Platformer - Village Props/Tileset Palette/TP Ground/TX Tileset Ground_25.asset
  artifactKey: Guid(73c5b22808f037a4fbd826a0086cbbf1) Importer(815301076,1909f56bfc062723c751e8b465ee728b)
Start importing Assets/AssetStore/Cainos/Pixel Art Platformer - Village Props/Tileset Palette/TP Ground/TX Tileset Ground_25.asset using Guid(73c5b22808f037a4fbd826a0086cbbf1) Importer(815301076,1909f56bfc062723c751e8b465ee728b)  -> (artifact id: '84e307424adb8d65de19be1e505226cc') in 0.003478 seconds
Number of updated asset objects reloaded before import = 0
Number of asset objects unloaded after import = 3
========================================================================
Received Import Request.
  Time since last request: 0.000066 seconds.
  path: Assets/AssetStore/Cainos/Pixel Art Platformer - Village Props/Tileset Palette/TP Ground/TX Tileset Ground_28.asset
  artifactKey: Guid(c1e8e06d567a8be40ae505b506e7254b) Importer(815301076,1909f56bfc062723c751e8b465ee728b)
Start importing Assets/AssetStore/Cainos/Pixel Art Platformer - Village Props/Tileset Palette/TP Ground/TX Tileset Ground_28.asset using Guid(c1e8e06d567a8be40ae505b506e7254b) Importer(815301076,1909f56bfc062723c751e8b465ee728b)  -> (artifact id: 'eaab6032b59692b128481374edb9573b') in 0.002455 seconds
Number of updated asset objects reloaded before import = 0
Number of asset objects unloaded after import = 3
========================================================================
Received Import Request.
  Time since last request: 0.026265 seconds.
  path: Assets/AssetStore/Cainos/Pixel Art Platformer - Village Props/Tileset Palette/TP Ground/TX Tileset Ground_31.asset
  artifactKey: Guid(2d124724b7a293044ba9d11950b0a66b) Importer(815301076,1909f56bfc062723c751e8b465ee728b)
Start importing Assets/AssetStore/Cainos/Pixel Art Platformer - Village Props/Tileset Palette/TP Ground/TX Tileset Ground_31.asset using Guid(2d124724b7a293044ba9d11950b0a66b) Importer(815301076,1909f56bfc062723c751e8b465ee728b)  -> (artifact id: '906f4da4b293acbd0724e0d04ed7fd15') in 0.002893 seconds
Number of updated asset objects reloaded before import = 0
Number of asset objects unloaded after import = 3
========================================================================
Received Import Request.
  Time since last request: 0.018769 seconds.
  path: Assets/AssetStore/Cainos/Pixel Art Platformer - Village Props/Tileset Palette/TP Ground/TX Tileset Ground_34.asset
  artifactKey: Guid(efe8a1a3834956a4bb82a5921129f439) Importer(815301076,1909f56bfc062723c751e8b465ee728b)
Start importing Assets/AssetStore/Cainos/Pixel Art Platformer - Village Props/Tileset Palette/TP Ground/TX Tileset Ground_34.asset using Guid(efe8a1a3834956a4bb82a5921129f439) Importer(815301076,1909f56bfc062723c751e8b465ee728b)  -> (artifact id: '8a0dcfb5e260c32aa432a587d27e62cf') in 0.003114 seconds
Number of updated asset objects reloaded before import = 0
Number of asset objects unloaded after import = 3
========================================================================
Received Import Request.
  Time since last request: 0.028331 seconds.
  path: Assets/AssetStore/Cainos/Pixel Art Platformer - Village Props/Tileset Palette/TP Ground/TX Tileset Ground_37.asset
  artifactKey: Guid(4b2821be5dcee8c40996a7f35f19ebc3) Importer(815301076,1909f56bfc062723c751e8b465ee728b)
Start importing Assets/AssetStore/Cainos/Pixel Art Platformer - Village Props/Tileset Palette/TP Ground/TX Tileset Ground_37.asset using Guid(4b2821be5dcee8c40996a7f35f19ebc3) Importer(815301076,1909f56bfc062723c751e8b465ee728b)  -> (artifact id: 'add40f1f89a3416cdc593de44859864b') in 0.002634 seconds
Number of updated asset objects reloaded before import = 0
Number of asset objects unloaded after import = 3
========================================================================
Received Import Request.
  Time since last request: 0.178502 seconds.
  path: Assets/AssetStore/Cainos/Pixel Art Platformer - Village Props/Tileset Palette/TP Ground/TX Tileset Ground_40.asset
  artifactKey: Guid(29754a49515e60e468307ef7c2b97507) Importer(815301076,1909f56bfc062723c751e8b465ee728b)
Start importing Assets/AssetStore/Cainos/Pixel Art Platformer - Village Props/Tileset Palette/TP Ground/TX Tileset Ground_40.asset using Guid(29754a49515e60e468307ef7c2b97507) Importer(815301076,1909f56bfc062723c751e8b465ee728b)  -> (artifact id: 'c07fc6ae781c8f70e375ae513a25fc41') in 0.003987 seconds
Number of updated asset objects reloaded before import = 0
Number of asset objects unloaded after import = 3
========================================================================
Received Import Request.
  Time since last request: 3.959486 seconds.
  path: Assets/AssetStore/Cainos/Pixel Art Platformer - Village Props/Scene
  artifactKey: Guid(3e5bc175231773446846774743597c2f) Importer(815301076,1909f56bfc062723c751e8b465ee728b)
Start importing Assets/AssetStore/Cainos/Pixel Art Platformer - Village Props/Scene using Guid(3e5bc175231773446846774743597c2f) Importer(815301076,1909f56bfc062723c751e8b465ee728b)  -> (artifact id: 'd904704cef261a12fba983d8e44a055b') in 0.000703 seconds
Number of updated asset objects reloaded before import = 0
Number of asset objects unloaded after import = 0
========================================================================
Received Import Request.
  Time since last request: 0.787432 seconds.
  path: Assets/AssetStore/Cainos/Pixel Art Platformer - Village Props/Script
  artifactKey: Guid(63f64f5e91971ce46a21bff537c5ad6e) Importer(815301076,1909f56bfc062723c751e8b465ee728b)
Start importing Assets/AssetStore/Cainos/Pixel Art Platformer - Village Props/Script using Guid(63f64f5e91971ce46a21bff537c5ad6e) Importer(815301076,1909f56bfc062723c751e8b465ee728b)  -> (artifact id: '5faf9fbe1c77880141b6d930a9385e47') in 0.000586 seconds
Number of updated asset objects reloaded before import = 0
Number of asset objects unloaded after import = 0
========================================================================
Received Import Request.
  Time since last request: 59.741253 seconds.
  path: Assets/AssetStore/Hero Knight - Pixel Art/Demo/BlockFlash.prefab
  artifactKey: Guid(803b96fa8ebd5a749bdf32bd0e553139) Importer(815301076,1909f56bfc062723c751e8b465ee728b)
Start importing Assets/AssetStore/Hero Knight - Pixel Art/Demo/BlockFlash.prefab using Guid(803b96fa8ebd5a749bdf32bd0e553139) Importer(815301076,1909f56bfc062723c751e8b465ee728b)  -> (artifact id: '66e183d518799b74297ff065d9c51515') in 0.083809 seconds
Number of updated asset objects reloaded before import = 0
Number of asset objects unloaded after import = 17
========================================================================
Received Import Request.
  Time since last request: 0.000044 seconds.
  path: Assets/AssetStore/Hero Knight - Pixel Art/Demo/HeroKnight.prefab
  artifactKey: Guid(a4b4a6d32bcb19248a754d6602ffc7e4) Importer(815301076,1909f56bfc062723c751e8b465ee728b)
Start importing Assets/AssetStore/Hero Knight - Pixel Art/Demo/HeroKnight.prefab using Guid(a4b4a6d32bcb19248a754d6602ffc7e4) Importer(815301076,1909f56bfc062723c751e8b465ee728b)  -> (artifact id: '8d5d2696d5eef7659c4d4cd5605149b5') in 0.010266 seconds
Number of updated asset objects reloaded before import = 0
Number of asset objects unloaded after import = 197
========================================================================
Received Import Request.
  Time since last request: 0.000037 seconds.
  path: Assets/AssetStore/Hero Knight - Pixel Art/Demo/HeroKnight_Yellow.prefab
  artifactKey: Guid(3e14bf7b39e2c2940a826eb72e6b8043) Importer(815301076,1909f56bfc062723c751e8b465ee728b)
Start importing Assets/AssetStore/Hero Knight - Pixel Art/Demo/HeroKnight_Yellow.prefab using Guid(3e14bf7b39e2c2940a826eb72e6b8043) Importer(815301076,1909f56bfc062723c751e8b465ee728b)  -> (artifact id: '9aff55e608419740618b0fa8f78d0e72') in 0.018020 seconds
Number of updated asset objects reloaded before import = 0
Number of asset objects unloaded after import = 200
========================================================================
Received Import Request.
  Time since last request: 0.000037 seconds.
  path: Assets/AssetStore/Cainos/Pixel Art Platformer - Village Props/Prefab/PF Village Props - Apple 01.prefab
  artifactKey: Guid(d732c433f052247478d37fac6cedfe30) Importer(815301076,1909f56bfc062723c751e8b465ee728b)
Start importing Assets/AssetStore/Cainos/Pixel Art Platformer - Village Props/Prefab/PF Village Props - Apple 01.prefab using Guid(d732c433f052247478d37fac6cedfe30) Importer(815301076,1909f56bfc062723c751e8b465ee728b)  -> (artifact id: '9f656a429b8dbfb939d2685d50bb4f49') in 0.004971 seconds
Number of updated asset objects reloaded before import = 0
Number of asset objects unloaded after import = 10
Editor requested this worker to shutdown with reason: Scaling down because of idle timeout
TcpMessagingSession - receive error: operation aborted. errorcode: 89, details: Operation aborted.
AssetImportWorker is now disconnected from the server
Process exiting
